<?xml version="1.0" encoding="UTF-8"?>
<beans xmlns="http://www.springframework.org/schema/beans"
       xmlns:xsi="http://www.w3.org/2001/XMLSchema-instance"
       xmlns:context="http://www.springframework.org/schema/context"
       xsi:schemaLocation="http://www.springframework.org/schema/beans http://www.springframework.org/schema/beans/spring-beans.xsd http://www.springframework.org/schema/context http://www.springframework.org/schema/context/spring-context.xsd">

    <bean id="httpRestTemplate" class="com.github.lobedan.jira.api.services.HttpRestTemplate">
        <property name="credentials">
            <bean class="org.apache.commons.httpclient.UsernamePasswordCredentials">
                <constructor-arg name="userName" value="test" />
                <constructor-arg name="password" value="test" />
            </bean>
        </property>
    </bean>

    <bean id="defaultIssueService" class="com.github.lobedan.jira.api.services.DefaultIssueService">
        <property name="httpRestTemplate" ref="httpRestTemplate" />
        <property name="baseUrlBuilder" ref="jiraUrlBuilder" />
    </bean>

    <bean id="defaultSearchService" class="com.github.lobedan.jira.api.services.DefaultSearchService">
        <property name="baseUrlBuilder" ref="jiraUrlBuilder" />
        <property name="httpRestTemplate" ref="httpRestTemplate" />
    </bean>

    <bean id="jiraUrlBuilder" class="com.github.lobedan.jira.api.builder.JiraUrlBuilder" />

    <context:component-scan base-package="com.github.lobedan"/>
</beans>